<?xml version="1.0" encoding="UTF-8"?>
<testsuite xmlns:xsi="http://www.w3.org/2001/XMLSchema-instance" xsi:noNamespaceSchemaLocation="https://maven.apache.org/surefire/maven-surefire-plugin/xsd/surefire-test-report.xsd" name="cn.smm.zy.ZyApplicationTests" time="1.703" tests="0" errors="0" skipped="0" failures="0">
  <properties>
    <property name="sun.desktop" value="windows"/>
    <property name="awt.toolkit" value="sun.awt.windows.WToolkit"/>
    <property name="file.encoding.pkg" value="sun.io"/>
    <property name="java.specification.version" value="1.8"/>
    <property name="sun.cpu.isalist" value="amd64"/>
    <property name="sun.jnu.encoding" value="GBK"/>
    <property name="java.class.path" value="G:\zy11\zy\target\test-classes;G:\zy11\zy\target\classes;G:\Res\org\springframework\boot\spring-boot-starter-web\2.2.1.RELEASE\spring-boot-starter-web-2.2.1.RELEASE.jar;G:\Res\org\springframework\boot\spring-boot-starter\2.2.1.RELEASE\spring-boot-starter-2.2.1.RELEASE.jar;G:\Res\org\springframework\boot\spring-boot-starter-logging\2.2.1.RELEASE\spring-boot-starter-logging-2.2.1.RELEASE.jar;G:\Res\ch\qos\logback\logback-classic\1.2.3\logback-classic-1.2.3.jar;G:\Res\ch\qos\logback\logback-core\1.2.3\logback-core-1.2.3.jar;G:\Res\org\apache\logging\log4j\log4j-to-slf4j\2.12.1\log4j-to-slf4j-2.12.1.jar;G:\Res\org\apache\logging\log4j\log4j-api\2.12.1\log4j-api-2.12.1.jar;G:\Res\org\slf4j\jul-to-slf4j\1.7.29\jul-to-slf4j-1.7.29.jar;G:\Res\jakarta\annotation\jakarta.annotation-api\1.3.5\jakarta.annotation-api-1.3.5.jar;G:\Res\org\yaml\snakeyaml\1.25\snakeyaml-1.25.jar;G:\Res\org\springframework\boot\spring-boot-starter-json\2.2.1.RELEASE\spring-boot-starter-json-2.2.1.RELEASE.jar;G:\Res\com\fasterxml\jackson\core\jackson-databind\2.10.0\jackson-databind-2.10.0.jar;G:\Res\com\fasterxml\jackson\core\jackson-annotations\2.10.0\jackson-annotations-2.10.0.jar;G:\Res\com\fasterxml\jackson\core\jackson-core\2.10.0\jackson-core-2.10.0.jar;G:\Res\com\fasterxml\jackson\datatype\jackson-datatype-jdk8\2.10.0\jackson-datatype-jdk8-2.10.0.jar;G:\Res\com\fasterxml\jackson\datatype\jackson-datatype-jsr310\2.10.0\jackson-datatype-jsr310-2.10.0.jar;G:\Res\com\fasterxml\jackson\module\jackson-module-parameter-names\2.10.0\jackson-module-parameter-names-2.10.0.jar;G:\Res\org\springframework\boot\spring-boot-starter-tomcat\2.2.1.RELEASE\spring-boot-starter-tomcat-2.2.1.RELEASE.jar;G:\Res\org\apache\tomcat\embed\tomcat-embed-core\9.0.27\tomcat-embed-core-9.0.27.jar;G:\Res\org\apache\tomcat\embed\tomcat-embed-el\9.0.27\tomcat-embed-el-9.0.27.jar;G:\Res\org\apache\tomcat\embed\tomcat-embed-websocket\9.0.27\tomcat-embed-websocket-9.0.27.jar;G:\Res\org\springframework\boot\spring-boot-starter-validation\2.2.1.RELEASE\spring-boot-starter-validation-2.2.1.RELEASE.jar;G:\Res\jakarta\validation\jakarta.validation-api\2.0.1\jakarta.validation-api-2.0.1.jar;G:\Res\org\hibernate\validator\hibernate-validator\6.0.18.Final\hibernate-validator-6.0.18.Final.jar;G:\Res\org\jboss\logging\jboss-logging\3.4.1.Final\jboss-logging-3.4.1.Final.jar;G:\Res\com\fasterxml\classmate\1.5.1\classmate-1.5.1.jar;G:\Res\org\springframework\spring-web\5.2.1.RELEASE\spring-web-5.2.1.RELEASE.jar;G:\Res\org\springframework\spring-beans\5.2.1.RELEASE\spring-beans-5.2.1.RELEASE.jar;G:\Res\org\springframework\spring-webmvc\5.2.1.RELEASE\spring-webmvc-5.2.1.RELEASE.jar;G:\Res\org\springframework\spring-aop\5.2.1.RELEASE\spring-aop-5.2.1.RELEASE.jar;G:\Res\org\springframework\spring-context\5.2.1.RELEASE\spring-context-5.2.1.RELEASE.jar;G:\Res\org\springframework\spring-expression\5.2.1.RELEASE\spring-expression-5.2.1.RELEASE.jar;G:\Res\mysql\mysql-connector-java\8.0.18\mysql-connector-java-8.0.18.jar;G:\Res\org\springframework\boot\spring-boot-starter-test\2.2.1.RELEASE\spring-boot-starter-test-2.2.1.RELEASE.jar;G:\Res\org\springframework\boot\spring-boot-test\2.2.1.RELEASE\spring-boot-test-2.2.1.RELEASE.jar;G:\Res\org\springframework\boot\spring-boot-test-autoconfigure\2.2.1.RELEASE\spring-boot-test-autoconfigure-2.2.1.RELEASE.jar;G:\Res\com\jayway\jsonpath\json-path\2.4.0\json-path-2.4.0.jar;G:\Res\net\minidev\json-smart\2.3\json-smart-2.3.jar;G:\Res\net\minidev\accessors-smart\1.2\accessors-smart-1.2.jar;G:\Res\org\ow2\asm\asm\5.0.4\asm-5.0.4.jar;G:\Res\org\slf4j\slf4j-api\1.7.29\slf4j-api-1.7.29.jar;G:\Res\jakarta\xml\bind\jakarta.xml.bind-api\2.3.2\jakarta.xml.bind-api-2.3.2.jar;G:\Res\jakarta\activation\jakarta.activation-api\1.2.1\jakarta.activation-api-1.2.1.jar;G:\Res\org\junit\jupiter\junit-jupiter\5.5.2\junit-jupiter-5.5.2.jar;G:\Res\org\junit\jupiter\junit-jupiter-api\5.5.2\junit-jupiter-api-5.5.2.jar;G:\Res\org\opentest4j\opentest4j\1.2.0\opentest4j-1.2.0.jar;G:\Res\org\junit\jupiter\junit-jupiter-params\5.5.2\junit-jupiter-params-5.5.2.jar;G:\Res\org\junit\jupiter\junit-jupiter-engine\5.5.2\junit-jupiter-engine-5.5.2.jar;G:\Res\org\junit\platform\junit-platform-engine\1.5.2\junit-platform-engine-1.5.2.jar;G:\Res\org\mockito\mockito-junit-jupiter\3.1.0\mockito-junit-jupiter-3.1.0.jar;G:\Res\org\assertj\assertj-core\3.13.2\assertj-core-3.13.2.jar;G:\Res\org\hamcrest\hamcrest\2.1\hamcrest-2.1.jar;G:\Res\org\mockito\mockito-core\3.1.0\mockito-core-3.1.0.jar;G:\Res\net\bytebuddy\byte-buddy\1.10.2\byte-buddy-1.10.2.jar;G:\Res\net\bytebuddy\byte-buddy-agent\1.10.2\byte-buddy-agent-1.10.2.jar;G:\Res\org\objenesis\objenesis\2.6\objenesis-2.6.jar;G:\Res\org\skyscreamer\jsonassert\1.5.0\jsonassert-1.5.0.jar;G:\Res\com\vaadin\external\google\android-json\0.0.20131108.vaadin1\android-json-0.0.20131108.vaadin1.jar;G:\Res\org\springframework\spring-core\5.2.1.RELEASE\spring-core-5.2.1.RELEASE.jar;G:\Res\org\springframework\spring-jcl\5.2.1.RELEASE\spring-jcl-5.2.1.RELEASE.jar;G:\Res\org\springframework\spring-test\5.2.1.RELEASE\spring-test-5.2.1.RELEASE.jar;G:\Res\org\xmlunit\xmlunit-core\2.6.3\xmlunit-core-2.6.3.jar;G:\Res\org\projectlombok\lombok\1.18.10\lombok-1.18.10.jar;G:\Res\com\baomidou\mybatis-plus-boot-starter\3.2.0\mybatis-plus-boot-starter-3.2.0.jar;G:\Res\com\baomidou\mybatis-plus\3.2.0\mybatis-plus-3.2.0.jar;G:\Res\com\baomidou\mybatis-plus-extension\3.2.0\mybatis-plus-extension-3.2.0.jar;G:\Res\com\baomidou\mybatis-plus-core\3.2.0\mybatis-plus-core-3.2.0.jar;G:\Res\com\baomidou\mybatis-plus-annotation\3.2.0\mybatis-plus-annotation-3.2.0.jar;G:\Res\com\github\jsqlparser\jsqlparser\2.1\jsqlparser-2.1.jar;G:\Res\org\mybatis\mybatis\3.5.2\mybatis-3.5.2.jar;G:\Res\org\mybatis\mybatis-spring\2.0.2\mybatis-spring-2.0.2.jar;G:\Res\org\springframework\boot\spring-boot-autoconfigure\2.2.1.RELEASE\spring-boot-autoconfigure-2.2.1.RELEASE.jar;G:\Res\org\springframework\boot\spring-boot-starter-jdbc\2.2.1.RELEASE\spring-boot-starter-jdbc-2.2.1.RELEASE.jar;G:\Res\com\zaxxer\HikariCP\3.4.1\HikariCP-3.4.1.jar;G:\Res\org\springframework\spring-jdbc\5.2.1.RELEASE\spring-jdbc-5.2.1.RELEASE.jar;G:\Res\org\springframework\boot\spring-boot-starter-freemarker\2.2.1.RELEASE\spring-boot-starter-freemarker-2.2.1.RELEASE.jar;G:\Res\org\freemarker\freemarker\2.3.29\freemarker-2.3.29.jar;G:\Res\org\springframework\spring-context-support\5.2.1.RELEASE\spring-context-support-5.2.1.RELEASE.jar;G:\Res\org\springframework\boot\spring-boot-starter-mail\2.2.1.RELEASE\spring-boot-starter-mail-2.2.1.RELEASE.jar;G:\Res\com\sun\mail\jakarta.mail\1.6.4\jakarta.mail-1.6.4.jar;G:\Res\com\sun\activation\jakarta.activation\1.2.1\jakarta.activation-1.2.1.jar;G:\Res\junit\junit\4.12\junit-4.12.jar;G:\Res\org\hamcrest\hamcrest-core\2.1\hamcrest-core-2.1.jar;G:\Res\org\springframework\boot\spring-boot-devtools\2.2.1.RELEASE\spring-boot-devtools-2.2.1.RELEASE.jar;G:\Res\org\springframework\boot\spring-boot\2.2.1.RELEASE\spring-boot-2.2.1.RELEASE.jar;G:\Res\org\testng\testng\7.0.0\testng-7.0.0.jar;G:\Res\com\beust\jcommander\1.72\jcommander-1.72.jar;G:\Res\org\junit\platform\junit-platform-commons\1.5.2\junit-platform-commons-1.5.2.jar;G:\Res\org\apiguardian\apiguardian-api\1.1.0\apiguardian-api-1.1.0.jar;G:\Res\com\alibaba\fastjson\1.2.8\fastjson-1.2.8.jar;G:\Res\org\apache\commons\commons-pool2\2.4.2\commons-pool2-2.4.2.jar;G:\Res\org\springframework\boot\spring-boot-starter-data-redis\2.2.1.RELEASE\spring-boot-starter-data-redis-2.2.1.RELEASE.jar;G:\Res\org\springframework\data\spring-data-redis\2.2.1.RELEASE\spring-data-redis-2.2.1.RELEASE.jar;G:\Res\org\springframework\data\spring-data-keyvalue\2.2.1.RELEASE\spring-data-keyvalue-2.2.1.RELEASE.jar;G:\Res\org\springframework\data\spring-data-commons\2.2.1.RELEASE\spring-data-commons-2.2.1.RELEASE.jar;G:\Res\org\springframework\spring-tx\5.2.1.RELEASE\spring-tx-5.2.1.RELEASE.jar;G:\Res\org\springframework\spring-oxm\5.2.1.RELEASE\spring-oxm-5.2.1.RELEASE.jar;G:\Res\io\lettuce\lettuce-core\5.2.1.RELEASE\lettuce-core-5.2.1.RELEASE.jar;G:\Res\io\netty\netty-common\4.1.43.Final\netty-common-4.1.43.Final.jar;G:\Res\io\netty\netty-handler\4.1.43.Final\netty-handler-4.1.43.Final.jar;G:\Res\io\netty\netty-buffer\4.1.43.Final\netty-buffer-4.1.43.Final.jar;G:\Res\io\netty\netty-codec\4.1.43.Final\netty-codec-4.1.43.Final.jar;G:\Res\io\netty\netty-transport\4.1.43.Final\netty-transport-4.1.43.Final.jar;G:\Res\io\netty\netty-resolver\4.1.43.Final\netty-resolver-4.1.43.Final.jar;G:\Res\io\projectreactor\reactor-core\3.3.0.RELEASE\reactor-core-3.3.0.RELEASE.jar;G:\Res\org\reactivestreams\reactive-streams\1.0.3\reactive-streams-1.0.3.jar;G:\Res\com\janeluo\ikanalyzer\2012_u6\ikanalyzer-2012_u6.jar;G:\Res\org\apache\lucene\lucene-core\4.7.2\lucene-core-4.7.2.jar;G:\Res\org\apache\lucene\lucene-queryparser\4.7.2\lucene-queryparser-4.7.2.jar;G:\Res\org\apache\lucene\lucene-queries\4.7.2\lucene-queries-4.7.2.jar;G:\Res\org\apache\lucene\lucene-sandbox\4.7.2\lucene-sandbox-4.7.2.jar;G:\Res\org\apache\lucene\lucene-analyzers-common\4.7.2\lucene-analyzers-common-4.7.2.jar;G:\Res\org\apache\httpcomponents\httpcore\4.4.10\httpcore-4.4.10.jar;G:\Res\org\apache\httpcomponents\httpclient\4.5.6\httpclient-4.5.6.jar;G:\Res\commons-codec\commons-codec\1.13\commons-codec-1.13.jar;"/>
    <property name="java.vm.vendor" value="Oracle Corporation"/>
    <property name="sun.arch.data.model" value="64"/>
    <property name="user.variant" value=""/>
    <property name="java.vendor.url" value="http://java.oracle.com/"/>
    <property name="user.timezone" value="Asia/Shanghai"/>
    <property name="java.vm.specification.version" value="1.8"/>
    <property name="os.name" value="Windows 7"/>
    <property name="user.country" value="CN"/>
    <property name="sun.java.launcher" value="SUN_STANDARD"/>
    <property name="sun.boot.library.path" value="G:\jdk8\jar\jre\bin"/>
    <property name="sun.java.command" value="C:\Users\ADMINI~1\AppData\Local\Temp\surefire971108957477329305\surefirebooter2535873299446633217.jar C:\Users\Administrator\AppData\Local\Temp\surefire971108957477329305 2020-01-03T22-00-41_496-jvmRun1 surefire9131831600321124501tmp surefire_02918938852068960882tmp"/>
    <property name="surefire.test.class.path" value="G:\zy11\zy\target\test-classes;G:\zy11\zy\target\classes;G:\Res\org\springframework\boot\spring-boot-starter-web\2.2.1.RELEASE\spring-boot-starter-web-2.2.1.RELEASE.jar;G:\Res\org\springframework\boot\spring-boot-starter\2.2.1.RELEASE\spring-boot-starter-2.2.1.RELEASE.jar;G:\Res\org\springframework\boot\spring-boot-starter-logging\2.2.1.RELEASE\spring-boot-starter-logging-2.2.1.RELEASE.jar;G:\Res\ch\qos\logback\logback-classic\1.2.3\logback-classic-1.2.3.jar;G:\Res\ch\qos\logback\logback-core\1.2.3\logback-core-1.2.3.jar;G:\Res\org\apache\logging\log4j\log4j-to-slf4j\2.12.1\log4j-to-slf4j-2.12.1.jar;G:\Res\org\apache\logging\log4j\log4j-api\2.12.1\log4j-api-2.12.1.jar;G:\Res\org\slf4j\jul-to-slf4j\1.7.29\jul-to-slf4j-1.7.29.jar;G:\Res\jakarta\annotation\jakarta.annotation-api\1.3.5\jakarta.annotation-api-1.3.5.jar;G:\Res\org\yaml\snakeyaml\1.25\snakeyaml-1.25.jar;G:\Res\org\springframework\boot\spring-boot-starter-json\2.2.1.RELEASE\spring-boot-starter-json-2.2.1.RELEASE.jar;G:\Res\com\fasterxml\jackson\core\jackson-databind\2.10.0\jackson-databind-2.10.0.jar;G:\Res\com\fasterxml\jackson\core\jackson-annotations\2.10.0\jackson-annotations-2.10.0.jar;G:\Res\com\fasterxml\jackson\core\jackson-core\2.10.0\jackson-core-2.10.0.jar;G:\Res\com\fasterxml\jackson\datatype\jackson-datatype-jdk8\2.10.0\jackson-datatype-jdk8-2.10.0.jar;G:\Res\com\fasterxml\jackson\datatype\jackson-datatype-jsr310\2.10.0\jackson-datatype-jsr310-2.10.0.jar;G:\Res\com\fasterxml\jackson\module\jackson-module-parameter-names\2.10.0\jackson-module-parameter-names-2.10.0.jar;G:\Res\org\springframework\boot\spring-boot-starter-tomcat\2.2.1.RELEASE\spring-boot-starter-tomcat-2.2.1.RELEASE.jar;G:\Res\org\apache\tomcat\embed\tomcat-embed-core\9.0.27\tomcat-embed-core-9.0.27.jar;G:\Res\org\apache\tomcat\embed\tomcat-embed-el\9.0.27\tomcat-embed-el-9.0.27.jar;G:\Res\org\apache\tomcat\embed\tomcat-embed-websocket\9.0.27\tomcat-embed-websocket-9.0.27.jar;G:\Res\org\springframework\boot\spring-boot-starter-validation\2.2.1.RELEASE\spring-boot-starter-validation-2.2.1.RELEASE.jar;G:\Res\jakarta\validation\jakarta.validation-api\2.0.1\jakarta.validation-api-2.0.1.jar;G:\Res\org\hibernate\validator\hibernate-validator\6.0.18.Final\hibernate-validator-6.0.18.Final.jar;G:\Res\org\jboss\logging\jboss-logging\3.4.1.Final\jboss-logging-3.4.1.Final.jar;G:\Res\com\fasterxml\classmate\1.5.1\classmate-1.5.1.jar;G:\Res\org\springframework\spring-web\5.2.1.RELEASE\spring-web-5.2.1.RELEASE.jar;G:\Res\org\springframework\spring-beans\5.2.1.RELEASE\spring-beans-5.2.1.RELEASE.jar;G:\Res\org\springframework\spring-webmvc\5.2.1.RELEASE\spring-webmvc-5.2.1.RELEASE.jar;G:\Res\org\springframework\spring-aop\5.2.1.RELEASE\spring-aop-5.2.1.RELEASE.jar;G:\Res\org\springframework\spring-context\5.2.1.RELEASE\spring-context-5.2.1.RELEASE.jar;G:\Res\org\springframework\spring-expression\5.2.1.RELEASE\spring-expression-5.2.1.RELEASE.jar;G:\Res\mysql\mysql-connector-java\8.0.18\mysql-connector-java-8.0.18.jar;G:\Res\org\springframework\boot\spring-boot-starter-test\2.2.1.RELEASE\spring-boot-starter-test-2.2.1.RELEASE.jar;G:\Res\org\springframework\boot\spring-boot-test\2.2.1.RELEASE\spring-boot-test-2.2.1.RELEASE.jar;G:\Res\org\springframework\boot\spring-boot-test-autoconfigure\2.2.1.RELEASE\spring-boot-test-autoconfigure-2.2.1.RELEASE.jar;G:\Res\com\jayway\jsonpath\json-path\2.4.0\json-path-2.4.0.jar;G:\Res\net\minidev\json-smart\2.3\json-smart-2.3.jar;G:\Res\net\minidev\accessors-smart\1.2\accessors-smart-1.2.jar;G:\Res\org\ow2\asm\asm\5.0.4\asm-5.0.4.jar;G:\Res\org\slf4j\slf4j-api\1.7.29\slf4j-api-1.7.29.jar;G:\Res\jakarta\xml\bind\jakarta.xml.bind-api\2.3.2\jakarta.xml.bind-api-2.3.2.jar;G:\Res\jakarta\activation\jakarta.activation-api\1.2.1\jakarta.activation-api-1.2.1.jar;G:\Res\org\junit\jupiter\junit-jupiter\5.5.2\junit-jupiter-5.5.2.jar;G:\Res\org\junit\jupiter\junit-jupiter-api\5.5.2\junit-jupiter-api-5.5.2.jar;G:\Res\org\opentest4j\opentest4j\1.2.0\opentest4j-1.2.0.jar;G:\Res\org\junit\jupiter\junit-jupiter-params\5.5.2\junit-jupiter-params-5.5.2.jar;G:\Res\org\junit\jupiter\junit-jupiter-engine\5.5.2\junit-jupiter-engine-5.5.2.jar;G:\Res\org\junit\platform\junit-platform-engine\1.5.2\junit-platform-engine-1.5.2.jar;G:\Res\org\mockito\mockito-junit-jupiter\3.1.0\mockito-junit-jupiter-3.1.0.jar;G:\Res\org\assertj\assertj-core\3.13.2\assertj-core-3.13.2.jar;G:\Res\org\hamcrest\hamcrest\2.1\hamcrest-2.1.jar;G:\Res\org\mockito\mockito-core\3.1.0\mockito-core-3.1.0.jar;G:\Res\net\bytebuddy\byte-buddy\1.10.2\byte-buddy-1.10.2.jar;G:\Res\net\bytebuddy\byte-buddy-agent\1.10.2\byte-buddy-agent-1.10.2.jar;G:\Res\org\objenesis\objenesis\2.6\objenesis-2.6.jar;G:\Res\org\skyscreamer\jsonassert\1.5.0\jsonassert-1.5.0.jar;G:\Res\com\vaadin\external\google\android-json\0.0.20131108.vaadin1\android-json-0.0.20131108.vaadin1.jar;G:\Res\org\springframework\spring-core\5.2.1.RELEASE\spring-core-5.2.1.RELEASE.jar;G:\Res\org\springframework\spring-jcl\5.2.1.RELEASE\spring-jcl-5.2.1.RELEASE.jar;G:\Res\org\springframework\spring-test\5.2.1.RELEASE\spring-test-5.2.1.RELEASE.jar;G:\Res\org\xmlunit\xmlunit-core\2.6.3\xmlunit-core-2.6.3.jar;G:\Res\org\projectlombok\lombok\1.18.10\lombok-1.18.10.jar;G:\Res\com\baomidou\mybatis-plus-boot-starter\3.2.0\mybatis-plus-boot-starter-3.2.0.jar;G:\Res\com\baomidou\mybatis-plus\3.2.0\mybatis-plus-3.2.0.jar;G:\Res\com\baomidou\mybatis-plus-extension\3.2.0\mybatis-plus-extension-3.2.0.jar;G:\Res\com\baomidou\mybatis-plus-core\3.2.0\mybatis-plus-core-3.2.0.jar;G:\Res\com\baomidou\mybatis-plus-annotation\3.2.0\mybatis-plus-annotation-3.2.0.jar;G:\Res\com\github\jsqlparser\jsqlparser\2.1\jsqlparser-2.1.jar;G:\Res\org\mybatis\mybatis\3.5.2\mybatis-3.5.2.jar;G:\Res\org\mybatis\mybatis-spring\2.0.2\mybatis-spring-2.0.2.jar;G:\Res\org\springframework\boot\spring-boot-autoconfigure\2.2.1.RELEASE\spring-boot-autoconfigure-2.2.1.RELEASE.jar;G:\Res\org\springframework\boot\spring-boot-starter-jdbc\2.2.1.RELEASE\spring-boot-starter-jdbc-2.2.1.RELEASE.jar;G:\Res\com\zaxxer\HikariCP\3.4.1\HikariCP-3.4.1.jar;G:\Res\org\springframework\spring-jdbc\5.2.1.RELEASE\spring-jdbc-5.2.1.RELEASE.jar;G:\Res\org\springframework\boot\spring-boot-starter-freemarker\2.2.1.RELEASE\spring-boot-starter-freemarker-2.2.1.RELEASE.jar;G:\Res\org\freemarker\freemarker\2.3.29\freemarker-2.3.29.jar;G:\Res\org\springframework\spring-context-support\5.2.1.RELEASE\spring-context-support-5.2.1.RELEASE.jar;G:\Res\org\springframework\boot\spring-boot-starter-mail\2.2.1.RELEASE\spring-boot-starter-mail-2.2.1.RELEASE.jar;G:\Res\com\sun\mail\jakarta.mail\1.6.4\jakarta.mail-1.6.4.jar;G:\Res\com\sun\activation\jakarta.activation\1.2.1\jakarta.activation-1.2.1.jar;G:\Res\junit\junit\4.12\junit-4.12.jar;G:\Res\org\hamcrest\hamcrest-core\2.1\hamcrest-core-2.1.jar;G:\Res\org\springframework\boot\spring-boot-devtools\2.2.1.RELEASE\spring-boot-devtools-2.2.1.RELEASE.jar;G:\Res\org\springframework\boot\spring-boot\2.2.1.RELEASE\spring-boot-2.2.1.RELEASE.jar;G:\Res\org\testng\testng\7.0.0\testng-7.0.0.jar;G:\Res\com\beust\jcommander\1.72\jcommander-1.72.jar;G:\Res\org\junit\platform\junit-platform-commons\1.5.2\junit-platform-commons-1.5.2.jar;G:\Res\org\apiguardian\apiguardian-api\1.1.0\apiguardian-api-1.1.0.jar;G:\Res\com\alibaba\fastjson\1.2.8\fastjson-1.2.8.jar;G:\Res\org\apache\commons\commons-pool2\2.4.2\commons-pool2-2.4.2.jar;G:\Res\org\springframework\boot\spring-boot-starter-data-redis\2.2.1.RELEASE\spring-boot-starter-data-redis-2.2.1.RELEASE.jar;G:\Res\org\springframework\data\spring-data-redis\2.2.1.RELEASE\spring-data-redis-2.2.1.RELEASE.jar;G:\Res\org\springframework\data\spring-data-keyvalue\2.2.1.RELEASE\spring-data-keyvalue-2.2.1.RELEASE.jar;G:\Res\org\springframework\data\spring-data-commons\2.2.1.RELEASE\spring-data-commons-2.2.1.RELEASE.jar;G:\Res\org\springframework\spring-tx\5.2.1.RELEASE\spring-tx-5.2.1.RELEASE.jar;G:\Res\org\springframework\spring-oxm\5.2.1.RELEASE\spring-oxm-5.2.1.RELEASE.jar;G:\Res\io\lettuce\lettuce-core\5.2.1.RELEASE\lettuce-core-5.2.1.RELEASE.jar;G:\Res\io\netty\netty-common\4.1.43.Final\netty-common-4.1.43.Final.jar;G:\Res\io\netty\netty-handler\4.1.43.Final\netty-handler-4.1.43.Final.jar;G:\Res\io\netty\netty-buffer\4.1.43.Final\netty-buffer-4.1.43.Final.jar;G:\Res\io\netty\netty-codec\4.1.43.Final\netty-codec-4.1.43.Final.jar;G:\Res\io\netty\netty-transport\4.1.43.Final\netty-transport-4.1.43.Final.jar;G:\Res\io\netty\netty-resolver\4.1.43.Final\netty-resolver-4.1.43.Final.jar;G:\Res\io\projectreactor\reactor-core\3.3.0.RELEASE\reactor-core-3.3.0.RELEASE.jar;G:\Res\org\reactivestreams\reactive-streams\1.0.3\reactive-streams-1.0.3.jar;G:\Res\com\janeluo\ikanalyzer\2012_u6\ikanalyzer-2012_u6.jar;G:\Res\org\apache\lucene\lucene-core\4.7.2\lucene-core-4.7.2.jar;G:\Res\org\apache\lucene\lucene-queryparser\4.7.2\lucene-queryparser-4.7.2.jar;G:\Res\org\apache\lucene\lucene-queries\4.7.2\lucene-queries-4.7.2.jar;G:\Res\org\apache\lucene\lucene-sandbox\4.7.2\lucene-sandbox-4.7.2.jar;G:\Res\org\apache\lucene\lucene-analyzers-common\4.7.2\lucene-analyzers-common-4.7.2.jar;G:\Res\org\apache\httpcomponents\httpcore\4.4.10\httpcore-4.4.10.jar;G:\Res\org\apache\httpcomponents\httpclient\4.5.6\httpclient-4.5.6.jar;G:\Res\commons-codec\commons-codec\1.13\commons-codec-1.13.jar;"/>
    <property name="sun.cpu.endian" value="little"/>
    <property name="user.home" value="C:\Users\Administrator"/>
    <property name="user.language" value="zh"/>
    <property name="java.specification.vendor" value="Oracle Corporation"/>
    <property name="java.home" value="G:\jdk8\jar\jre"/>
    <property name="basedir" value="G:\zy11\zy"/>
    <property name="file.separator" value="\"/>
    <property name="line.separator" value="&#10;"/>
    <property name="java.vm.specification.vendor" value="Oracle Corporation"/>
    <property name="java.specification.name" value="Java Platform API Specification"/>
    <property name="java.awt.graphicsenv" value="sun.awt.Win32GraphicsEnvironment"/>
    <property name="surefire.real.class.path" value="C:\Users\ADMINI~1\AppData\Local\Temp\surefire971108957477329305\surefirebooter2535873299446633217.jar"/>
    <property name="sun.boot.class.path" value="G:\jdk8\jar\jre\lib\resources.jar;G:\jdk8\jar\jre\lib\rt.jar;G:\jdk8\jar\jre\lib\sunrsasign.jar;G:\jdk8\jar\jre\lib\jsse.jar;G:\jdk8\jar\jre\lib\jce.jar;G:\jdk8\jar\jre\lib\charsets.jar;G:\jdk8\jar\jre\lib\jfr.jar;G:\jdk8\jar\jre\classes"/>
    <property name="user.script" value=""/>
    <property name="sun.management.compiler" value="HotSpot 64-Bit Tiered Compilers"/>
    <property name="java.runtime.version" value="1.8.0_131-b11"/>
    <property name="user.name" value="Administrator"/>
    <property name="path.separator" value=";"/>
    <property name="os.version" value="6.1"/>
    <property name="java.endorsed.dirs" value="G:\jdk8\jar\jre\lib\endorsed"/>
    <property name="java.runtime.name" value="Java(TM) SE Runtime Environment"/>
    <property name="file.encoding" value="GBK"/>
    <property name="java.vm.name" value="Java HotSpot(TM) 64-Bit Server VM"/>
    <property name="localRepository" value="G:\Res"/>
    <property name="java.vendor.url.bug" value="http://bugreport.sun.com/bugreport/"/>
    <property name="java.io.tmpdir" value="C:\Users\ADMINI~1\AppData\Local\Temp\"/>
    <property name="java.version" value="1.8.0_131"/>
    <property name="user.dir" value="G:\zy11\zy"/>
    <property name="os.arch" value="amd64"/>
    <property name="java.vm.specification.name" value="Java Virtual Machine Specification"/>
    <property name="java.awt.printerjob" value="sun.awt.windows.WPrinterJob"/>
    <property name="sun.os.patch.level" value="Service Pack 1"/>
    <property name="idea.version2019.1.1" value="true"/>
    <property name="java.library.path" value="G:\jdk8\jar\jre\bin;C:\Windows\Sun\Java\bin;C:\Windows\system32;C:\Windows;G:\Xshell\;C:\ProgramData\Oracle\Java\javapath;C:\Windows\system32;C:\Windows;C:\Windows\System32\Wbem;C:\Windows\System32\WindowsPowerShell\v1.0\;H:\flutter\bin;C:\Program Files\MySQL\MySQL Server 5.7\bin;G:\Program Files\Git\cmd;G:\Program Files\Git\usr\bin;C:\Windows\System32\WindowsPowerShell\v1.0\;G:\jdk8\jdk\bin;H:\maven\apache-maven-3.6.0\bin;F:\Nodejs\;C:\Users\Administrator\AppData\Local\Programs\Python\Python37\Scripts\;C:\Users\Administrator\AppData\Local\Programs\Python\Python37\;H:\Microsoft VS Code\bin;G:\编程\IntelliJ IDEA 2019.1.1\bin;H:\Program Files\WebStom\WebStorm 2019.1\bin;C:\Users\Administrator\AppData\Roaming\npm;F:\PyCharm 2018.3.5\bin;C:\Users\Administrator\AppData\Local\BypassRuntm;."/>
    <property name="java.vm.info" value="mixed mode"/>
    <property name="java.vendor" value="Oracle Corporation"/>
    <property name="java.vm.version" value="25.131-b11"/>
    <property name="java.ext.dirs" value="G:\jdk8\jar\jre\lib\ext;C:\Windows\Sun\Java\lib\ext"/>
    <property name="sun.io.unicode.encoding" value="UnicodeLittle"/>
    <property name="maven.repo.local" value="G:\Res"/>
    <property name="java.class.version" value="52.0"/>
  </properties>
</testsuite>